{"/home/aleksandr/Documents/Projects/classical-front/src/app.js": {"path":"/home/aleksandr/Documents/Projects/classical-front/src/app.js","statementMap":{"0":{"start":{"line":8,"column":4},"end":{"line":8,"column":33}}},"fnMap":{"0":{"name":"(anonymous_0)","decl":{"start":{"line":7,"column":2},"end":{"line":7,"column":3}},"loc":{"start":{"line":7,"column":17},"end":{"line":9,"column":3}},"line":7}},"branchMap":{},"s":{"0":1},"f":{"0":1},"b":{},"_coverageSchema":"332fd63041d2c1bcb487cc26dd0d5f7d97098a6c","hash":"5ca4d8d9b4f35f2e88edcce517bf9d48987db971"}
,"/home/aleksandr/Documents/Projects/classical-front/src/environment.js": {"path":"/home/aleksandr/Documents/Projects/classical-front/src/environment.js","statementMap":{"0":{"start":{"line":2,"column":13},"end":{"line":2,"column":39}},"1":{"start":{"line":2,"column":39},"end":{"line":6,"column":18}}},"fnMap":{},"branchMap":{},"s":{"0":0,"1":0},"f":{},"b":{}}
,"/home/aleksandr/Documents/Projects/classical-front/src/main.js": {"path":"/home/aleksandr/Documents/Projects/classical-front/src/main.js","statementMap":{"0":{"start":{"line":2,"column":13},"end":{"line":2,"column":39}},"1":{"start":{"line":2,"column":39},"end":{"line":12,"column":22}},"2":{"start":{"line":12,"column":41},"end":{"line":12,"column":65}},"3":{"start":{"line":12,"column":86},"end":{"line":12,"column":122}},"4":{"start":{"line":12,"column":141},"end":{"line":12,"column":163}},"5":{"start":{"line":12,"column":164},"end":{"line":12,"column":212}},"6":{"start":{"line":12,"column":212},"end":{"line":12,"column":258}},"7":{"start":{"line":12,"column":274},"end":{"line":12,"column":293}},"8":{"start":{"line":12,"column":309},"end":{"line":12,"column":343}},"9":{"start":{"line":12,"column":383},"end":{"line":12,"column":599}},"10":{"start":{"line":12,"column":411},"end":{"line":12,"column":422}},"11":{"start":{"line":12,"column":443},"end":{"line":12,"column":445}},"12":{"start":{"line":12,"column":446},"end":{"line":12,"column":563}},"13":{"start":{"line":12,"column":464},"end":{"line":12,"column":562}},"14":{"start":{"line":12,"column":486},"end":{"line":12,"column":561}},"15":{"start":{"line":12,"column":538},"end":{"line":12,"column":561}},"16":{"start":{"line":12,"column":563},"end":{"line":12,"column":584}},"17":{"start":{"line":12,"column":584},"end":{"line":12,"column":598}},"18":{"start":{"line":12,"column":638},"end":{"line":12,"column":692}},"19":{"start":{"line":13,"column":0},"end":{"line":13,"column":59}},"20":{"start":{"line":13,"column":88},"end":{"line":15,"column":62}},"21":{"start":{"line":24,"column":2},"end":{"line":26,"column":3}},"22":{"start":{"line":25,"column":4},"end":{"line":25,"column":37}},"23":{"start":{"line":28,"column":2},"end":{"line":30,"column":3}},"24":{"start":{"line":29,"column":4},"end":{"line":29,"column":75}},"25":{"start":{"line":32,"column":2},"end":{"line":32,"column":86}},"26":{"start":{"line":32,"column":29},"end":{"line":32,"column":84}}},"fnMap":{"0":{"name":"_interopRequireWildcard","decl":{"start":{"line":12,"column":353},"end":{"line":12,"column":376}},"loc":{"start":{"line":12,"column":382},"end":{"line":12,"column":600}},"line":12},"1":{"name":"_interopRequireDefault","decl":{"start":{"line":12,"column":609},"end":{"line":12,"column":631}},"loc":{"start":{"line":12,"column":637},"end":{"line":12,"column":693}},"line":12},"2":{"name":"configure","decl":{"start":{"line":13,"column":68},"end":{"line":13,"column":77}},"loc":{"start":{"line":13,"column":87},"end":{"line":33,"column":1}},"line":13},"3":{"name":"(anonymous_3)","decl":{"start":{"line":32,"column":23},"end":{"line":32,"column":24}},"loc":{"start":{"line":32,"column":29},"end":{"line":32,"column":84}},"line":32}},"branchMap":{"0":{"loc":{"start":{"line":12,"column":383},"end":{"line":12,"column":599}},"type":"if","locations":[{"start":{"line":12,"column":383},"end":{"line":12,"column":599}},{"start":{"line":12,"column":383},"end":{"line":12,"column":599}}],"line":12},"1":{"loc":{"start":{"line":12,"column":387},"end":{"line":12,"column":408}},"type":"binary-expr","locations":[{"start":{"line":12,"column":387},"end":{"line":12,"column":390}},{"start":{"line":12,"column":394},"end":{"line":12,"column":408}}],"line":12},"2":{"loc":{"start":{"line":12,"column":446},"end":{"line":12,"column":563}},"type":"if","locations":[{"start":{"line":12,"column":446},"end":{"line":12,"column":563}},{"start":{"line":12,"column":446},"end":{"line":12,"column":563}}],"line":12},"3":{"loc":{"start":{"line":12,"column":486},"end":{"line":12,"column":561}},"type":"if","locations":[{"start":{"line":12,"column":486},"end":{"line":12,"column":561}},{"start":{"line":12,"column":486},"end":{"line":12,"column":561}}],"line":12},"4":{"loc":{"start":{"line":12,"column":645},"end":{"line":12,"column":691}},"type":"cond-expr","locations":[{"start":{"line":12,"column":669},"end":{"line":12,"column":672}},{"start":{"line":12,"column":675},"end":{"line":12,"column":691}}],"line":12},"5":{"loc":{"start":{"line":12,"column":645},"end":{"line":12,"column":666}},"type":"binary-expr","locations":[{"start":{"line":12,"column":645},"end":{"line":12,"column":648}},{"start":{"line":12,"column":652},"end":{"line":12,"column":666}}],"line":12},"6":{"loc":{"start":{"line":24,"column":2},"end":{"line":26,"column":3}},"type":"if","locations":[{"start":{"line":24,"column":2},"end":{"line":26,"column":3}},{"start":{"line":24,"column":2},"end":{"line":26,"column":3}}],"line":24},"7":{"loc":{"start":{"line":28,"column":2},"end":{"line":30,"column":3}},"type":"if","locations":[{"start":{"line":28,"column":2},"end":{"line":30,"column":3}},{"start":{"line":28,"column":2},"end":{"line":30,"column":3}}],"line":28}},"s":{"0":0,"1":0,"2":0,"3":0,"4":0,"5":0,"6":0,"7":0,"8":0,"9":0,"10":0,"11":0,"12":0,"13":0,"14":0,"15":0,"16":0,"17":0,"18":0,"19":0,"20":0,"21":0,"22":0,"23":0,"24":0,"25":0,"26":0},"f":{"0":0,"1":0,"2":0,"3":0},"b":{"0":[0,0],"1":[0,0],"2":[0,0],"3":[0,0],"4":[0,0],"5":[0,0],"6":[0,0],"7":[0,0]}}
,"/home/aleksandr/Documents/Projects/classical-front/src/resources/index.js": {"path":"/home/aleksandr/Documents/Projects/classical-front/src/resources/index.js","statementMap":{"0":{"start":{"line":2,"column":13},"end":{"line":2,"column":39}},"1":{"start":{"line":2,"column":39},"end":{"line":4,"column":22}}},"fnMap":{"0":{"name":"configure","decl":{"start":{"line":4,"column":31},"end":{"line":4,"column":40}},"loc":{"start":{"line":4,"column":49},"end":{"line":6,"column":1}},"line":4}},"branchMap":{},"s":{"0":0,"1":0},"f":{"0":0},"b":{}}
}
