{"/home/aleksandr/Documents/Projects/classical-front/src/actions.js": {"path":"/home/aleksandr/Documents/Projects/classical-front/src/actions.js","statementMap":{},"fnMap":{},"branchMap":{},"s":{},"f":{},"b":{}}
,"/home/aleksandr/Documents/Projects/classical-front/src/app.js": {"path":"/home/aleksandr/Documents/Projects/classical-front/src/app.js","statementMap":{"0":{"start":{"line":10,"column":4},"end":{"line":10,"column":30}},"1":{"start":{"line":11,"column":4},"end":{"line":14,"column":6}},"2":{"start":{"line":16,"column":4},"end":{"line":16,"column":24}}},"fnMap":{"0":{"name":"(anonymous_0)","decl":{"start":{"line":9,"column":2},"end":{"line":9,"column":3}},"loc":{"start":{"line":9,"column":45},"end":{"line":17,"column":3}},"line":9}},"branchMap":{},"s":{"0":0,"1":0,"2":0},"f":{"0":0},"b":{},"_coverageSchema":"332fd63041d2c1bcb487cc26dd0d5f7d97098a6c","hash":"4e3ce88a054dbae0ecb2be6c3ae1ea5aebb47667"}
,"/home/aleksandr/Documents/Projects/classical-front/src/environment.js": {"path":"/home/aleksandr/Documents/Projects/classical-front/src/environment.js","statementMap":{"0":{"start":{"line":1,"column":13},"end":{"line":1,"column":39}},"1":{"start":{"line":1,"column":39},"end":{"line":3,"column":18}}},"fnMap":{},"branchMap":{},"s":{"0":0,"1":0},"f":{},"b":{}}
,"/home/aleksandr/Documents/Projects/classical-front/src/main.js": {"path":"/home/aleksandr/Documents/Projects/classical-front/src/main.js","statementMap":{"0":{"start":{"line":2,"column":13},"end":{"line":2,"column":39}},"1":{"start":{"line":2,"column":39},"end":{"line":12,"column":22}},"2":{"start":{"line":12,"column":41},"end":{"line":12,"column":65}},"3":{"start":{"line":12,"column":86},"end":{"line":12,"column":122}},"4":{"start":{"line":12,"column":141},"end":{"line":12,"column":163}},"5":{"start":{"line":12,"column":164},"end":{"line":12,"column":212}},"6":{"start":{"line":12,"column":212},"end":{"line":12,"column":258}},"7":{"start":{"line":12,"column":274},"end":{"line":12,"column":293}},"8":{"start":{"line":12,"column":309},"end":{"line":12,"column":343}},"9":{"start":{"line":12,"column":383},"end":{"line":12,"column":599}},"10":{"start":{"line":12,"column":411},"end":{"line":12,"column":422}},"11":{"start":{"line":12,"column":443},"end":{"line":12,"column":445}},"12":{"start":{"line":12,"column":446},"end":{"line":12,"column":563}},"13":{"start":{"line":12,"column":464},"end":{"line":12,"column":562}},"14":{"start":{"line":12,"column":486},"end":{"line":12,"column":561}},"15":{"start":{"line":12,"column":538},"end":{"line":12,"column":561}},"16":{"start":{"line":12,"column":563},"end":{"line":12,"column":584}},"17":{"start":{"line":12,"column":584},"end":{"line":12,"column":598}},"18":{"start":{"line":12,"column":638},"end":{"line":12,"column":692}},"19":{"start":{"line":13,"column":0},"end":{"line":13,"column":59}},"20":{"start":{"line":13,"column":88},"end":{"line":15,"column":62}},"21":{"start":{"line":24,"column":2},"end":{"line":26,"column":3}},"22":{"start":{"line":25,"column":4},"end":{"line":25,"column":37}},"23":{"start":{"line":28,"column":2},"end":{"line":30,"column":3}},"24":{"start":{"line":29,"column":4},"end":{"line":29,"column":75}},"25":{"start":{"line":32,"column":2},"end":{"line":32,"column":86}},"26":{"start":{"line":32,"column":29},"end":{"line":32,"column":84}}},"fnMap":{"0":{"name":"_interopRequireWildcard","decl":{"start":{"line":12,"column":353},"end":{"line":12,"column":376}},"loc":{"start":{"line":12,"column":382},"end":{"line":12,"column":600}},"line":12},"1":{"name":"_interopRequireDefault","decl":{"start":{"line":12,"column":609},"end":{"line":12,"column":631}},"loc":{"start":{"line":12,"column":637},"end":{"line":12,"column":693}},"line":12},"2":{"name":"configure","decl":{"start":{"line":13,"column":68},"end":{"line":13,"column":77}},"loc":{"start":{"line":13,"column":87},"end":{"line":33,"column":1}},"line":13},"3":{"name":"(anonymous_3)","decl":{"start":{"line":32,"column":23},"end":{"line":32,"column":24}},"loc":{"start":{"line":32,"column":29},"end":{"line":32,"column":84}},"line":32}},"branchMap":{"0":{"loc":{"start":{"line":12,"column":383},"end":{"line":12,"column":599}},"type":"if","locations":[{"start":{"line":12,"column":383},"end":{"line":12,"column":599}},{"start":{"line":12,"column":383},"end":{"line":12,"column":599}}],"line":12},"1":{"loc":{"start":{"line":12,"column":387},"end":{"line":12,"column":408}},"type":"binary-expr","locations":[{"start":{"line":12,"column":387},"end":{"line":12,"column":390}},{"start":{"line":12,"column":394},"end":{"line":12,"column":408}}],"line":12},"2":{"loc":{"start":{"line":12,"column":446},"end":{"line":12,"column":563}},"type":"if","locations":[{"start":{"line":12,"column":446},"end":{"line":12,"column":563}},{"start":{"line":12,"column":446},"end":{"line":12,"column":563}}],"line":12},"3":{"loc":{"start":{"line":12,"column":486},"end":{"line":12,"column":561}},"type":"if","locations":[{"start":{"line":12,"column":486},"end":{"line":12,"column":561}},{"start":{"line":12,"column":486},"end":{"line":12,"column":561}}],"line":12},"4":{"loc":{"start":{"line":12,"column":645},"end":{"line":12,"column":691}},"type":"cond-expr","locations":[{"start":{"line":12,"column":669},"end":{"line":12,"column":672}},{"start":{"line":12,"column":675},"end":{"line":12,"column":691}}],"line":12},"5":{"loc":{"start":{"line":12,"column":645},"end":{"line":12,"column":666}},"type":"binary-expr","locations":[{"start":{"line":12,"column":645},"end":{"line":12,"column":648}},{"start":{"line":12,"column":652},"end":{"line":12,"column":666}}],"line":12},"6":{"loc":{"start":{"line":24,"column":2},"end":{"line":26,"column":3}},"type":"if","locations":[{"start":{"line":24,"column":2},"end":{"line":26,"column":3}},{"start":{"line":24,"column":2},"end":{"line":26,"column":3}}],"line":24},"7":{"loc":{"start":{"line":28,"column":2},"end":{"line":30,"column":3}},"type":"if","locations":[{"start":{"line":28,"column":2},"end":{"line":30,"column":3}},{"start":{"line":28,"column":2},"end":{"line":30,"column":3}}],"line":28}},"s":{"0":0,"1":0,"2":0,"3":0,"4":0,"5":0,"6":0,"7":0,"8":0,"9":0,"10":0,"11":0,"12":0,"13":0,"14":0,"15":0,"16":0,"17":0,"18":0,"19":0,"20":0,"21":0,"22":0,"23":0,"24":0,"25":0,"26":0},"f":{"0":0,"1":0,"2":0,"3":0},"b":{"0":[0,0],"1":[0,0],"2":[0,0],"3":[0,0],"4":[0,0],"5":[0,0],"6":[0,0],"7":[0,0]}}
,"/home/aleksandr/Documents/Projects/classical-front/src/store.js": {"path":"/home/aleksandr/Documents/Projects/classical-front/src/store.js","statementMap":{"0":{"start":{"line":2,"column":13},"end":{"line":2,"column":39}},"1":{"start":{"line":4,"column":13},"end":{"line":4,"column":29}},"2":{"start":{"line":5,"column":17},"end":{"line":5,"column":38}},"3":{"start":{"line":5,"column":57},"end":{"line":5,"column":91}},"4":{"start":{"line":7,"column":15},"end":{"line":7,"column":35}},"5":{"start":{"line":7,"column":52},"end":{"line":7,"column":84}},"6":{"start":{"line":8,"column":13},"end":{"line":8,"column":38}},"7":{"start":{"line":8,"column":77},"end":{"line":8,"column":131}},"8":{"start":{"line":11,"column":23},"end":{"line":11,"column":49}},"9":{"start":{"line":13,"column":14},"end":{"line":17,"column":64}},"10":{"start":{"line":17,"column":61},"end":{"line":17,"column":62}},"11":{"start":{"line":22,"column":0},"end":{"line":22,"column":44}},"12":{"start":{"line":22,"column":44},"end":{"line":24,"column":6}}},"fnMap":{"0":{"name":"_interopRequireDefault","decl":{"start":{"line":8,"column":48},"end":{"line":8,"column":70}},"loc":{"start":{"line":8,"column":76},"end":{"line":8,"column":132}},"line":8},"1":{"name":"(anonymous_1)","decl":{"start":{"line":17,"column":56},"end":{"line":17,"column":57}},"loc":{"start":{"line":17,"column":61},"end":{"line":17,"column":62}},"line":17}},"branchMap":{"0":{"loc":{"start":{"line":8,"column":84},"end":{"line":8,"column":130}},"type":"cond-expr","locations":[{"start":{"line":8,"column":108},"end":{"line":8,"column":111}},{"start":{"line":8,"column":114},"end":{"line":8,"column":130}}],"line":8},"1":{"loc":{"start":{"line":8,"column":84},"end":{"line":8,"column":105}},"type":"binary-expr","locations":[{"start":{"line":8,"column":84},"end":{"line":8,"column":87}},{"start":{"line":8,"column":91},"end":{"line":8,"column":105}}],"line":8},"2":{"loc":{"start":{"line":17,"column":0},"end":{"line":17,"column":62}},"type":"cond-expr","locations":[{"start":{"line":17,"column":27},"end":{"line":17,"column":53}},{"start":{"line":17,"column":56},"end":{"line":17,"column":62}}],"line":17}},"s":{"0":0,"1":0,"2":0,"3":0,"4":0,"5":0,"6":0,"7":0,"8":0,"9":0,"10":0,"11":0,"12":0},"f":{"0":0,"1":0},"b":{"0":[0,0],"1":[0,0],"2":[0,0]}}
,"/home/aleksandr/Documents/Projects/classical-front/src/types.js": {"path":"/home/aleksandr/Documents/Projects/classical-front/src/types.js","statementMap":{},"fnMap":{},"branchMap":{},"s":{},"f":{},"b":{}}
,"/home/aleksandr/Documents/Projects/classical-front/src/core/actions.js": {"path":"/home/aleksandr/Documents/Projects/classical-front/src/core/actions.js","statementMap":{},"fnMap":{},"branchMap":{},"s":{},"f":{},"b":{}}
,"/home/aleksandr/Documents/Projects/classical-front/src/core/client.js": {"path":"/home/aleksandr/Documents/Projects/classical-front/src/core/client.js","statementMap":{"0":{"start":{"line":2,"column":13},"end":{"line":2,"column":39}},"1":{"start":{"line":2,"column":39},"end":{"line":15,"column":22}},"2":{"start":{"line":15,"column":22},"end":{"line":35,"column":20}},"3":{"start":{"line":35,"column":20},"end":{"line":35,"column":44}},"4":{"start":{"line":35,"column":70},"end":{"line":35,"column":101}},"5":{"start":{"line":35,"column":118},"end":{"line":35,"column":137}},"6":{"start":{"line":35,"column":155},"end":{"line":35,"column":188}},"7":{"start":{"line":35,"column":208},"end":{"line":35,"column":233}},"8":{"start":{"line":35,"column":272},"end":{"line":35,"column":326}},"9":{"start":{"line":35,"column":346},"end":{"line":35,"column":382}},"10":{"start":{"line":35,"column":456},"end":{"line":35,"column":689}},"11":{"start":{"line":35,"column":597},"end":{"line":35,"column":620}},"12":{"start":{"line":35,"column":637},"end":{"line":35,"column":686}},"13":{"start":{"line":36,"column":2},"end":{"line":40,"column":5}},"14":{"start":{"line":37,"column":19},"end":{"line":37,"column":34}},"15":{"start":{"line":39,"column":4},"end":{"line":39,"column":48}}},"fnMap":{"0":{"name":"_interopRequireDefault","decl":{"start":{"line":35,"column":243},"end":{"line":35,"column":265}},"loc":{"start":{"line":35,"column":271},"end":{"line":35,"column":327}},"line":35},"1":{"name":"fetchGigs","decl":{"start":{"line":35,"column":392},"end":{"line":35,"column":401}},"loc":{"start":{"line":35,"column":455},"end":{"line":35,"column":690}},"line":35},"2":{"name":"(anonymous_2)","decl":{"start":{"line":35,"column":584},"end":{"line":35,"column":585}},"loc":{"start":{"line":35,"column":596},"end":{"line":35,"column":621}},"line":35},"3":{"name":"(anonymous_3)","decl":{"start":{"line":35,"column":628},"end":{"line":35,"column":629}},"loc":{"start":{"line":35,"column":636},"end":{"line":35,"column":687}},"line":35},"4":{"name":"fetchGig","decl":{"start":{"line":35,"column":699},"end":{"line":35,"column":707}},"loc":{"start":{"line":35,"column":712},"end":{"line":41,"column":1}},"line":35},"5":{"name":"(anonymous_5)","decl":{"start":{"line":37,"column":7},"end":{"line":37,"column":8}},"loc":{"start":{"line":37,"column":19},"end":{"line":37,"column":34}},"line":37},"6":{"name":"(anonymous_6)","decl":{"start":{"line":38,"column":7},"end":{"line":38,"column":8}},"loc":{"start":{"line":38,"column":14},"end":{"line":40,"column":3}},"line":38}},"branchMap":{"0":{"loc":{"start":{"line":35,"column":279},"end":{"line":35,"column":325}},"type":"cond-expr","locations":[{"start":{"line":35,"column":303},"end":{"line":35,"column":306}},{"start":{"line":35,"column":309},"end":{"line":35,"column":325}}],"line":35},"1":{"loc":{"start":{"line":35,"column":279},"end":{"line":35,"column":300}},"type":"binary-expr","locations":[{"start":{"line":35,"column":279},"end":{"line":35,"column":282}},{"start":{"line":35,"column":286},"end":{"line":35,"column":300}}],"line":35},"2":{"loc":{"start":{"line":35,"column":402},"end":{"line":35,"column":416}},"type":"default-arg","locations":[{"start":{"line":35,"column":414},"end":{"line":35,"column":416}}],"line":35},"3":{"loc":{"start":{"line":35,"column":418},"end":{"line":35,"column":428}},"type":"default-arg","locations":[{"start":{"line":35,"column":426},"end":{"line":35,"column":428}}],"line":35},"4":{"loc":{"start":{"line":35,"column":430},"end":{"line":35,"column":440}},"type":"default-arg","locations":[{"start":{"line":35,"column":439},"end":{"line":35,"column":440}}],"line":35},"5":{"loc":{"start":{"line":35,"column":442},"end":{"line":35,"column":453}},"type":"default-arg","locations":[{"start":{"line":35,"column":451},"end":{"line":35,"column":453}}],"line":35}},"s":{"0":0,"1":0,"2":0,"3":0,"4":0,"5":0,"6":0,"7":0,"8":0,"9":0,"10":0,"11":0,"12":0,"13":0,"14":0,"15":0},"f":{"0":0,"1":0,"2":0,"3":0,"4":0,"5":0,"6":0},"b":{"0":[0,0],"1":[0,0],"2":[0],"3":[0],"4":[0],"5":[0]}}
,"/home/aleksandr/Documents/Projects/classical-front/src/core/storeHandler.js": {"path":"/home/aleksandr/Documents/Projects/classical-front/src/core/storeHandler.js","statementMap":{"0":{"start":{"line":2,"column":13},"end":{"line":2,"column":39}},"1":{"start":{"line":2,"column":39},"end":{"line":9,"column":22}},"2":{"start":{"line":9,"column":22},"end":{"line":13,"column":20}},"3":{"start":{"line":13,"column":20},"end":{"line":17,"column":20}},"4":{"start":{"line":17,"column":33},"end":{"line":17,"column":52}},"5":{"start":{"line":17,"column":67},"end":{"line":17,"column":97}},"6":{"start":{"line":17,"column":136},"end":{"line":17,"column":190}},"7":{"start":{"line":17,"column":220},"end":{"line":17,"column":289}},"8":{"start":{"line":17,"column":252},"end":{"line":17,"column":287}},"9":{"start":{"line":17,"column":317},"end":{"line":17,"column":350}},"10":{"start":{"line":18,"column":2},"end":{"line":18,"column":36}}},"fnMap":{"0":{"name":"_interopRequireDefault","decl":{"start":{"line":17,"column":107},"end":{"line":17,"column":129}},"loc":{"start":{"line":17,"column":135},"end":{"line":17,"column":191}},"line":17},"1":{"name":"subscribe","decl":{"start":{"line":17,"column":200},"end":{"line":17,"column":209}},"loc":{"start":{"line":17,"column":219},"end":{"line":17,"column":290}},"line":17},"2":{"name":"(anonymous_2)","decl":{"start":{"line":17,"column":246},"end":{"line":17,"column":247}},"loc":{"start":{"line":17,"column":252},"end":{"line":17,"column":287}},"line":17},"3":{"name":"dispatch","decl":{"start":{"line":17,"column":299},"end":{"line":17,"column":307}},"loc":{"start":{"line":17,"column":316},"end":{"line":17,"column":351}},"line":17},"4":{"name":"getState","decl":{"start":{"line":17,"column":360},"end":{"line":17,"column":368}},"loc":{"start":{"line":17,"column":371},"end":{"line":19,"column":1}},"line":17}},"branchMap":{"0":{"loc":{"start":{"line":17,"column":143},"end":{"line":17,"column":189}},"type":"cond-expr","locations":[{"start":{"line":17,"column":167},"end":{"line":17,"column":170}},{"start":{"line":17,"column":173},"end":{"line":17,"column":189}}],"line":17},"1":{"loc":{"start":{"line":17,"column":143},"end":{"line":17,"column":164}},"type":"binary-expr","locations":[{"start":{"line":17,"column":143},"end":{"line":17,"column":146}},{"start":{"line":17,"column":150},"end":{"line":17,"column":164}}],"line":17}},"s":{"0":0,"1":0,"2":0,"3":0,"4":0,"5":0,"6":0,"7":0,"8":0,"9":0,"10":0},"f":{"0":0,"1":0,"2":0,"3":0,"4":0},"b":{"0":[0,0],"1":[0,0]}}
,"/home/aleksandr/Documents/Projects/classical-front/src/core/types.js": {"path":"/home/aleksandr/Documents/Projects/classical-front/src/core/types.js","statementMap":{"0":{"start":{"line":4,"column":17},"end":{"line":4,"column":37}}},"fnMap":{},"branchMap":{},"s":{"0":0},"f":{},"b":{}}
,"/home/aleksandr/Documents/Projects/classical-front/src/core/action-creators/coreActionCreators.js": {"path":"/home/aleksandr/Documents/Projects/classical-front/src/core/action-creators/coreActionCreators.js","statementMap":{"0":{"start":{"line":2,"column":13},"end":{"line":2,"column":39}},"1":{"start":{"line":2,"column":39},"end":{"line":6,"column":24}},"2":{"start":{"line":6,"column":24},"end":{"line":12,"column":24}},"3":{"start":{"line":12,"column":24},"end":{"line":18,"column":26}},"4":{"start":{"line":18,"column":49},"end":{"line":18,"column":93}},"5":{"start":{"line":18,"column":117},"end":{"line":18,"column":161}},"6":{"start":{"line":19,"column":2},"end":{"line":20,"column":40}}},"fnMap":{"0":{"name":"loadVenues","decl":{"start":{"line":18,"column":35},"end":{"line":18,"column":45}},"loc":{"start":{"line":18,"column":48},"end":{"line":18,"column":94}},"line":18},"1":{"name":"loadGenres","decl":{"start":{"line":18,"column":103},"end":{"line":18,"column":113}},"loc":{"start":{"line":18,"column":116},"end":{"line":18,"column":162}},"line":18},"2":{"name":"loadAuthors","decl":{"start":{"line":18,"column":171},"end":{"line":18,"column":182}},"loc":{"start":{"line":18,"column":185},"end":{"line":22,"column":1}},"line":18}},"branchMap":{},"s":{"0":0,"1":0,"2":0,"3":0,"4":0,"5":0,"6":0},"f":{"0":0,"1":0,"2":0},"b":{}}
,"/home/aleksandr/Documents/Projects/classical-front/src/core/action-creators/index.js": {"path":"/home/aleksandr/Documents/Projects/classical-front/src/core/action-creators/index.js","statementMap":{},"fnMap":{},"branchMap":{},"s":{},"f":{},"b":{}}
,"/home/aleksandr/Documents/Projects/classical-front/src/core/reducers/coreReducer.js": {"path":"/home/aleksandr/Documents/Projects/classical-front/src/core/reducers/coreReducer.js","statementMap":{"0":{"start":{"line":2,"column":13},"end":{"line":2,"column":39}},"1":{"start":{"line":2,"column":54},"end":{"line":2,"column":285}},"2":{"start":{"line":2,"column":90},"end":{"line":2,"column":270}},"3":{"start":{"line":2,"column":147},"end":{"line":2,"column":159}},"4":{"start":{"line":2,"column":160},"end":{"line":2,"column":269}},"5":{"start":{"line":2,"column":185},"end":{"line":2,"column":268}},"6":{"start":{"line":2,"column":241},"end":{"line":2,"column":267}},"7":{"start":{"line":2,"column":270},"end":{"line":2,"column":284}},"8":{"start":{"line":2,"column":286},"end":{"line":13,"column":14}},"9":{"start":{"line":13,"column":35},"end":{"line":13,"column":74}},"10":{"start":{"line":17,"column":2},"end":{"line":37,"column":20}},"11":{"start":{"line":19,"column":6},"end":{"line":21,"column":32}},"12":{"start":{"line":25,"column":6},"end":{"line":27,"column":33}},"13":{"start":{"line":31,"column":6},"end":{"line":33,"column":35}},"14":{"start":{"line":37,"column":6},"end":{"line":37,"column":19}}},"fnMap":{"0":{"name":"(anonymous_0)","decl":{"start":{"line":2,"column":71},"end":{"line":2,"column":72}},"loc":{"start":{"line":2,"column":89},"end":{"line":2,"column":285}},"line":2},"1":{"name":"filterReducer","decl":{"start":{"line":13,"column":84},"end":{"line":13,"column":97}},"loc":{"start":{"line":16,"column":0},"end":{"line":39,"column":1}},"line":16}},"branchMap":{"0":{"loc":{"start":{"line":2,"column":54},"end":{"line":2,"column":285}},"type":"binary-expr","locations":[{"start":{"line":2,"column":54},"end":{"line":2,"column":67}},{"start":{"line":2,"column":71},"end":{"line":2,"column":285}}],"line":2},"1":{"loc":{"start":{"line":2,"column":185},"end":{"line":2,"column":268}},"type":"if","locations":[{"start":{"line":2,"column":185},"end":{"line":2,"column":268}},{"start":{"line":2,"column":185},"end":{"line":2,"column":268}}],"line":2},"2":{"loc":{"start":{"line":14,"column":0},"end":{"line":14,"column":20}},"type":"default-arg","locations":[{"start":{"line":14,"column":8},"end":{"line":14,"column":20}}],"line":14},"3":{"loc":{"start":{"line":17,"column":2},"end":{"line":37,"column":20}},"type":"switch","locations":[{"start":{"line":18,"column":4},"end":{"line":21,"column":32}},{"start":{"line":24,"column":4},"end":{"line":27,"column":33}},{"start":{"line":30,"column":4},"end":{"line":33,"column":35}},{"start":{"line":36,"column":4},"end":{"line":37,"column":19}}],"line":17}},"s":{"0":0,"1":0,"2":0,"3":0,"4":0,"5":0,"6":0,"7":0,"8":0,"9":0,"10":0,"11":0,"12":0,"13":0,"14":0},"f":{"0":0,"1":0},"b":{"0":[0,0],"1":[0,0],"2":[0],"3":[0,0,0,0]}}
,"/home/aleksandr/Documents/Projects/classical-front/src/core/reducers/index.js": {"path":"/home/aleksandr/Documents/Projects/classical-front/src/core/reducers/index.js","statementMap":{"0":{"start":{"line":2,"column":13},"end":{"line":2,"column":39}},"1":{"start":{"line":4,"column":19},"end":{"line":4,"column":43}},"2":{"start":{"line":4,"column":64},"end":{"line":4,"column":100}},"3":{"start":{"line":4,"column":139},"end":{"line":4,"column":193}},"4":{"start":{"line":4,"column":194},"end":{"line":4,"column":234}}},"fnMap":{"0":{"name":"_interopRequireDefault","decl":{"start":{"line":4,"column":110},"end":{"line":4,"column":132}},"loc":{"start":{"line":4,"column":138},"end":{"line":4,"column":194}},"line":4}},"branchMap":{"0":{"loc":{"start":{"line":4,"column":146},"end":{"line":4,"column":192}},"type":"cond-expr","locations":[{"start":{"line":4,"column":170},"end":{"line":4,"column":173}},{"start":{"line":4,"column":176},"end":{"line":4,"column":192}}],"line":4},"1":{"loc":{"start":{"line":4,"column":146},"end":{"line":4,"column":167}},"type":"binary-expr","locations":[{"start":{"line":4,"column":146},"end":{"line":4,"column":149}},{"start":{"line":4,"column":153},"end":{"line":4,"column":167}}],"line":4}},"s":{"0":0,"1":0,"2":0,"3":0,"4":0},"f":{"0":0},"b":{"0":[0,0],"1":[0,0]}}
,"/home/aleksandr/Documents/Projects/classical-front/src/core/type-methods/GigUtils.js": {"path":"/home/aleksandr/Documents/Projects/classical-front/src/core/type-methods/GigUtils.js","statementMap":{"0":{"start":{"line":2,"column":13},"end":{"line":2,"column":39}},"1":{"start":{"line":2,"column":39},"end":{"line":8,"column":18}},"2":{"start":{"line":8,"column":18},"end":{"line":23,"column":22}},"3":{"start":{"line":23,"column":39},"end":{"line":23,"column":59}},"4":{"start":{"line":23,"column":83},"end":{"line":23,"column":285}},"5":{"start":{"line":26,"column":2},"end":{"line":34,"column":23}}},"fnMap":{"0":{"name":"toPlain","decl":{"start":{"line":23,"column":69},"end":{"line":23,"column":76}},"loc":{"start":{"line":23,"column":82},"end":{"line":23,"column":286}},"line":23},"1":{"name":"fromPlain","decl":{"start":{"line":23,"column":295},"end":{"line":23,"column":304}},"loc":{"start":{"line":25,"column":0},"end":{"line":36,"column":1}},"line":25}},"branchMap":{},"s":{"0":0,"1":0,"2":0,"3":0,"4":0,"5":0},"f":{"0":0,"1":0},"b":{}}
,"/home/aleksandr/Documents/Projects/classical-front/src/core/type-methods/index.js": {"path":"/home/aleksandr/Documents/Projects/classical-front/src/core/type-methods/index.js","statementMap":{"0":{"start":{"line":2,"column":13},"end":{"line":2,"column":39}},"1":{"start":{"line":2,"column":39},"end":{"line":2,"column":68}},"2":{"start":{"line":4,"column":16},"end":{"line":4,"column":37}},"3":{"start":{"line":4,"column":53},"end":{"line":4,"column":87}},"4":{"start":{"line":4,"column":127},"end":{"line":4,"column":343}},"5":{"start":{"line":4,"column":155},"end":{"line":4,"column":166}},"6":{"start":{"line":4,"column":187},"end":{"line":4,"column":189}},"7":{"start":{"line":4,"column":190},"end":{"line":4,"column":307}},"8":{"start":{"line":4,"column":208},"end":{"line":4,"column":306}},"9":{"start":{"line":4,"column":230},"end":{"line":4,"column":305}},"10":{"start":{"line":4,"column":282},"end":{"line":4,"column":305}},"11":{"start":{"line":4,"column":307},"end":{"line":4,"column":328}},"12":{"start":{"line":4,"column":328},"end":{"line":4,"column":342}},"13":{"start":{"line":4,"column":344},"end":{"line":7,"column":20}}},"fnMap":{"0":{"name":"_interopRequireWildcard","decl":{"start":{"line":4,"column":97},"end":{"line":4,"column":120}},"loc":{"start":{"line":4,"column":126},"end":{"line":4,"column":344}},"line":4}},"branchMap":{"0":{"loc":{"start":{"line":4,"column":127},"end":{"line":4,"column":343}},"type":"if","locations":[{"start":{"line":4,"column":127},"end":{"line":4,"column":343}},{"start":{"line":4,"column":127},"end":{"line":4,"column":343}}],"line":4},"1":{"loc":{"start":{"line":4,"column":131},"end":{"line":4,"column":152}},"type":"binary-expr","locations":[{"start":{"line":4,"column":131},"end":{"line":4,"column":134}},{"start":{"line":4,"column":138},"end":{"line":4,"column":152}}],"line":4},"2":{"loc":{"start":{"line":4,"column":190},"end":{"line":4,"column":307}},"type":"if","locations":[{"start":{"line":4,"column":190},"end":{"line":4,"column":307}},{"start":{"line":4,"column":190},"end":{"line":4,"column":307}}],"line":4},"3":{"loc":{"start":{"line":4,"column":230},"end":{"line":4,"column":305}},"type":"if","locations":[{"start":{"line":4,"column":230},"end":{"line":4,"column":305}},{"start":{"line":4,"column":230},"end":{"line":4,"column":305}}],"line":4}},"s":{"0":0,"1":0,"2":0,"3":0,"4":0,"5":0,"6":0,"7":0,"8":0,"9":0,"10":0,"11":0,"12":0,"13":0},"f":{"0":0},"b":{"0":[0,0],"1":[0,0],"2":[0,0],"3":[0,0]}}
,"/home/aleksandr/Documents/Projects/classical-front/src/details/details.js": {"path":"/home/aleksandr/Documents/Projects/classical-front/src/details/details.js","statementMap":{"0":{"start":{"line":2,"column":13},"end":{"line":2,"column":39}},"1":{"start":{"line":4,"column":10},"end":{"line":4,"column":26}},"2":{"start":{"line":4,"column":27},"end":{"line":4,"column":53}}},"fnMap":{},"branchMap":{},"s":{"0":0,"1":0,"2":0},"f":{},"b":{}}
,"/home/aleksandr/Documents/Projects/classical-front/src/reducer/index.js": {"path":"/home/aleksandr/Documents/Projects/classical-front/src/reducer/index.js","statementMap":{"0":{"start":{"line":2,"column":13},"end":{"line":2,"column":39}},"1":{"start":{"line":4,"column":13},"end":{"line":4,"column":29}},"2":{"start":{"line":6,"column":16},"end":{"line":6,"column":45}},"3":{"start":{"line":6,"column":63},"end":{"line":6,"column":96}},"4":{"start":{"line":7,"column":17},"end":{"line":7,"column":44}},"5":{"start":{"line":7,"column":62},"end":{"line":7,"column":96}},"6":{"start":{"line":7,"column":135},"end":{"line":7,"column":189}},"7":{"start":{"line":7,"column":190},"end":{"line":11,"column":30}}},"fnMap":{"0":{"name":"_interopRequireDefault","decl":{"start":{"line":7,"column":106},"end":{"line":7,"column":128}},"loc":{"start":{"line":7,"column":134},"end":{"line":7,"column":190}},"line":7}},"branchMap":{"0":{"loc":{"start":{"line":7,"column":142},"end":{"line":7,"column":188}},"type":"cond-expr","locations":[{"start":{"line":7,"column":166},"end":{"line":7,"column":169}},{"start":{"line":7,"column":172},"end":{"line":7,"column":188}}],"line":7},"1":{"loc":{"start":{"line":7,"column":142},"end":{"line":7,"column":163}},"type":"binary-expr","locations":[{"start":{"line":7,"column":142},"end":{"line":7,"column":145}},{"start":{"line":7,"column":149},"end":{"line":7,"column":163}}],"line":7}},"s":{"0":0,"1":0,"2":0,"3":0,"4":0,"5":0,"6":0,"7":0},"f":{"0":0},"b":{"0":[0,0],"1":[0,0]}}
,"/home/aleksandr/Documents/Projects/classical-front/src/resources/index.js": {"path":"/home/aleksandr/Documents/Projects/classical-front/src/resources/index.js","statementMap":{"0":{"start":{"line":2,"column":13},"end":{"line":2,"column":39}},"1":{"start":{"line":2,"column":39},"end":{"line":4,"column":22}}},"fnMap":{"0":{"name":"configure","decl":{"start":{"line":4,"column":31},"end":{"line":4,"column":40}},"loc":{"start":{"line":4,"column":49},"end":{"line":6,"column":1}},"line":4}},"branchMap":{},"s":{"0":0,"1":0},"f":{"0":0},"b":{}}
,"/home/aleksandr/Documents/Projects/classical-front/src/search/actions.js": {"path":"/home/aleksandr/Documents/Projects/classical-front/src/search/actions.js","statementMap":{},"fnMap":{},"branchMap":{},"s":{},"f":{},"b":{}}
,"/home/aleksandr/Documents/Projects/classical-front/src/search/search.js": {"path":"/home/aleksandr/Documents/Projects/classical-front/src/search/search.js","statementMap":{"0":{"start":{"line":2,"column":13},"end":{"line":2,"column":39}},"1":{"start":{"line":2,"column":39},"end":{"line":2,"column":66}},"2":{"start":{"line":4,"column":20},"end":{"line":4,"column":51}},"3":{"start":{"line":5,"column":22},"end":{"line":5,"column":50}},"4":{"start":{"line":5,"column":72},"end":{"line":5,"column":112}},"5":{"start":{"line":5,"column":152},"end":{"line":5,"column":368}},"6":{"start":{"line":5,"column":180},"end":{"line":5,"column":191}},"7":{"start":{"line":5,"column":212},"end":{"line":5,"column":214}},"8":{"start":{"line":5,"column":215},"end":{"line":5,"column":332}},"9":{"start":{"line":5,"column":233},"end":{"line":5,"column":331}},"10":{"start":{"line":5,"column":255},"end":{"line":5,"column":330}},"11":{"start":{"line":5,"column":307},"end":{"line":5,"column":330}},"12":{"start":{"line":5,"column":332},"end":{"line":5,"column":353}},"13":{"start":{"line":5,"column":353},"end":{"line":5,"column":367}},"14":{"start":{"line":10,"column":9},"end":{"line":30,"column":4}},"15":{"start":{"line":14,"column":4},"end":{"line":14,"column":57}},"16":{"start":{"line":16,"column":4},"end":{"line":16,"column":55}},"17":{"start":{"line":20,"column":4},"end":{"line":20,"column":66}},"18":{"start":{"line":24,"column":4},"end":{"line":24,"column":23}},"19":{"start":{"line":25,"column":4},"end":{"line":25,"column":80}},"20":{"start":{"line":29,"column":4},"end":{"line":29,"column":31}}},"fnMap":{"0":{"name":"_interopRequireWildcard","decl":{"start":{"line":5,"column":122},"end":{"line":5,"column":145}},"loc":{"start":{"line":5,"column":151},"end":{"line":5,"column":369}},"line":5},"1":{"name":"(anonymous_1)","decl":{"start":{"line":13,"column":2},"end":{"line":13,"column":3}},"loc":{"start":{"line":13,"column":16},"end":{"line":17,"column":3}},"line":13},"2":{"name":"(anonymous_2)","decl":{"start":{"line":19,"column":2},"end":{"line":19,"column":3}},"loc":{"start":{"line":19,"column":12},"end":{"line":21,"column":3}},"line":19},"3":{"name":"(anonymous_3)","decl":{"start":{"line":23,"column":2},"end":{"line":23,"column":3}},"loc":{"start":{"line":23,"column":20},"end":{"line":26,"column":3}},"line":23},"4":{"name":"(anonymous_4)","decl":{"start":{"line":28,"column":2},"end":{"line":28,"column":3}},"loc":{"start":{"line":28,"column":16},"end":{"line":30,"column":3}},"line":28}},"branchMap":{"0":{"loc":{"start":{"line":5,"column":152},"end":{"line":5,"column":368}},"type":"if","locations":[{"start":{"line":5,"column":152},"end":{"line":5,"column":368}},{"start":{"line":5,"column":152},"end":{"line":5,"column":368}}],"line":5},"1":{"loc":{"start":{"line":5,"column":156},"end":{"line":5,"column":177}},"type":"binary-expr","locations":[{"start":{"line":5,"column":156},"end":{"line":5,"column":159}},{"start":{"line":5,"column":163},"end":{"line":5,"column":177}}],"line":5},"2":{"loc":{"start":{"line":5,"column":215},"end":{"line":5,"column":332}},"type":"if","locations":[{"start":{"line":5,"column":215},"end":{"line":5,"column":332}},{"start":{"line":5,"column":215},"end":{"line":5,"column":332}}],"line":5},"3":{"loc":{"start":{"line":5,"column":255},"end":{"line":5,"column":330}},"type":"if","locations":[{"start":{"line":5,"column":255},"end":{"line":5,"column":330}},{"start":{"line":5,"column":255},"end":{"line":5,"column":330}}],"line":5}},"s":{"0":0,"1":0,"2":0,"3":0,"4":0,"5":0,"6":0,"7":0,"8":0,"9":0,"10":0,"11":0,"12":0,"13":0,"14":0,"15":0,"16":0,"17":0,"18":0,"19":0,"20":0},"f":{"0":0,"1":0,"2":0,"3":0,"4":0},"b":{"0":[0,0],"1":[0,0],"2":[0,0],"3":[0,0]}}
,"/home/aleksandr/Documents/Projects/classical-front/src/search/types.js": {"path":"/home/aleksandr/Documents/Projects/classical-front/src/search/types.js","statementMap":{},"fnMap":{},"branchMap":{},"s":{},"f":{},"b":{}}
,"/home/aleksandr/Documents/Projects/classical-front/src/search/action-creators/filterActions.js": {"path":"/home/aleksandr/Documents/Projects/classical-front/src/search/action-creators/filterActions.js","statementMap":{"0":{"start":{"line":2,"column":13},"end":{"line":2,"column":39}},"1":{"start":{"line":2,"column":39},"end":{"line":6,"column":24}},"2":{"start":{"line":6,"column":24},"end":{"line":13,"column":28}},"3":{"start":{"line":13,"column":28},"end":{"line":20,"column":26}},"4":{"start":{"line":20,"column":26},"end":{"line":27,"column":26}},"5":{"start":{"line":27,"column":26},"end":{"line":34,"column":30}},"6":{"start":{"line":34,"column":30},"end":{"line":41,"column":26}},"7":{"start":{"line":41,"column":55},"end":{"line":41,"column":116}},"8":{"start":{"line":41,"column":144},"end":{"line":41,"column":199}},"9":{"start":{"line":41,"column":226},"end":{"line":41,"column":280}},"10":{"start":{"line":41,"column":307},"end":{"line":41,"column":361}},"11":{"start":{"line":41,"column":397},"end":{"line":41,"column":468}},"12":{"start":{"line":42,"column":2},"end":{"line":44,"column":23}}},"fnMap":{"0":{"name":"editSearch","decl":{"start":{"line":41,"column":35},"end":{"line":41,"column":45}},"loc":{"start":{"line":41,"column":54},"end":{"line":41,"column":117}},"line":41},"1":{"name":"toggleAuthor","decl":{"start":{"line":41,"column":126},"end":{"line":41,"column":138}},"loc":{"start":{"line":41,"column":143},"end":{"line":41,"column":200}},"line":41},"2":{"name":"toggleVenue","decl":{"start":{"line":41,"column":209},"end":{"line":41,"column":220}},"loc":{"start":{"line":41,"column":225},"end":{"line":41,"column":281}},"line":41},"3":{"name":"toggleGenre","decl":{"start":{"line":41,"column":290},"end":{"line":41,"column":301}},"loc":{"start":{"line":41,"column":306},"end":{"line":41,"column":362}},"line":41},"4":{"name":"editStartDate","decl":{"start":{"line":41,"column":371},"end":{"line":41,"column":384}},"loc":{"start":{"line":41,"column":396},"end":{"line":41,"column":469}},"line":41},"5":{"name":"editEndDate","decl":{"start":{"line":41,"column":478},"end":{"line":41,"column":489}},"loc":{"start":{"line":41,"column":499},"end":{"line":46,"column":1}},"line":41}},"branchMap":{},"s":{"0":0,"1":0,"2":0,"3":0,"4":0,"5":0,"6":0,"7":0,"8":0,"9":0,"10":0,"11":0,"12":0},"f":{"0":0,"1":0,"2":0,"3":0,"4":0,"5":0},"b":{}}
,"/home/aleksandr/Documents/Projects/classical-front/src/search/action-creators/gigActions.js": {"path":"/home/aleksandr/Documents/Projects/classical-front/src/search/action-creators/gigActions.js","statementMap":{"0":{"start":{"line":2,"column":13},"end":{"line":2,"column":39}},"1":{"start":{"line":2,"column":39},"end":{"line":6,"column":12}},"2":{"start":{"line":7,"column":2},"end":{"line":8,"column":39}}},"fnMap":{"0":{"name":"load","decl":{"start":{"line":6,"column":21},"end":{"line":6,"column":25}},"loc":{"start":{"line":6,"column":28},"end":{"line":10,"column":1}},"line":6}},"branchMap":{},"s":{"0":0,"1":0,"2":0},"f":{"0":0},"b":{}}
,"/home/aleksandr/Documents/Projects/classical-front/src/search/action-creators/index.js": {"path":"/home/aleksandr/Documents/Projects/classical-front/src/search/action-creators/index.js","statementMap":{"0":{"start":{"line":2,"column":13},"end":{"line":2,"column":39}},"1":{"start":{"line":2,"column":39},"end":{"line":2,"column":94}},"2":{"start":{"line":4,"column":18},"end":{"line":4,"column":41}},"3":{"start":{"line":4,"column":59},"end":{"line":4,"column":95}},"4":{"start":{"line":5,"column":21},"end":{"line":5,"column":47}},"5":{"start":{"line":5,"column":68},"end":{"line":5,"column":107}},"6":{"start":{"line":5,"column":147},"end":{"line":5,"column":363}},"7":{"start":{"line":5,"column":175},"end":{"line":5,"column":186}},"8":{"start":{"line":5,"column":207},"end":{"line":5,"column":209}},"9":{"start":{"line":5,"column":210},"end":{"line":5,"column":327}},"10":{"start":{"line":5,"column":228},"end":{"line":5,"column":326}},"11":{"start":{"line":5,"column":250},"end":{"line":5,"column":325}},"12":{"start":{"line":5,"column":302},"end":{"line":5,"column":325}},"13":{"start":{"line":5,"column":327},"end":{"line":5,"column":348}},"14":{"start":{"line":5,"column":348},"end":{"line":5,"column":362}},"15":{"start":{"line":5,"column":364},"end":{"line":8,"column":24}},"16":{"start":{"line":8,"column":24},"end":{"line":9,"column":30}}},"fnMap":{"0":{"name":"_interopRequireWildcard","decl":{"start":{"line":5,"column":117},"end":{"line":5,"column":140}},"loc":{"start":{"line":5,"column":146},"end":{"line":5,"column":364}},"line":5}},"branchMap":{"0":{"loc":{"start":{"line":5,"column":147},"end":{"line":5,"column":363}},"type":"if","locations":[{"start":{"line":5,"column":147},"end":{"line":5,"column":363}},{"start":{"line":5,"column":147},"end":{"line":5,"column":363}}],"line":5},"1":{"loc":{"start":{"line":5,"column":151},"end":{"line":5,"column":172}},"type":"binary-expr","locations":[{"start":{"line":5,"column":151},"end":{"line":5,"column":154}},{"start":{"line":5,"column":158},"end":{"line":5,"column":172}}],"line":5},"2":{"loc":{"start":{"line":5,"column":210},"end":{"line":5,"column":327}},"type":"if","locations":[{"start":{"line":5,"column":210},"end":{"line":5,"column":327}},{"start":{"line":5,"column":210},"end":{"line":5,"column":327}}],"line":5},"3":{"loc":{"start":{"line":5,"column":250},"end":{"line":5,"column":325}},"type":"if","locations":[{"start":{"line":5,"column":250},"end":{"line":5,"column":325}},{"start":{"line":5,"column":250},"end":{"line":5,"column":325}}],"line":5}},"s":{"0":0,"1":0,"2":0,"3":0,"4":0,"5":0,"6":0,"7":0,"8":0,"9":0,"10":0,"11":0,"12":0,"13":0,"14":0,"15":0,"16":0},"f":{"0":0},"b":{"0":[0,0],"1":[0,0],"2":[0,0],"3":[0,0]}}
,"/home/aleksandr/Documents/Projects/classical-front/src/search/reducers/filterReducer.js": {"path":"/home/aleksandr/Documents/Projects/classical-front/src/search/reducers/filterReducer.js","statementMap":{"0":{"start":{"line":2,"column":13},"end":{"line":2,"column":39}},"1":{"start":{"line":2,"column":54},"end":{"line":2,"column":285}},"2":{"start":{"line":2,"column":90},"end":{"line":2,"column":270}},"3":{"start":{"line":2,"column":147},"end":{"line":2,"column":159}},"4":{"start":{"line":2,"column":160},"end":{"line":2,"column":269}},"5":{"start":{"line":2,"column":185},"end":{"line":2,"column":268}},"6":{"start":{"line":2,"column":241},"end":{"line":2,"column":267}},"7":{"start":{"line":2,"column":270},"end":{"line":2,"column":284}},"8":{"start":{"line":2,"column":286},"end":{"line":16,"column":14}},"9":{"start":{"line":16,"column":35},"end":{"line":16,"column":112}},"10":{"start":{"line":20,"column":2},"end":{"line":73,"column":20}},"11":{"start":{"line":22,"column":6},"end":{"line":24,"column":33}},"12":{"start":{"line":28,"column":6},"end":{"line":33,"column":7}},"13":{"start":{"line":29,"column":8},"end":{"line":31,"column":80}},"14":{"start":{"line":35,"column":6},"end":{"line":35,"column":36}},"15":{"start":{"line":36,"column":6},"end":{"line":36,"column":19}},"16":{"start":{"line":39,"column":6},"end":{"line":44,"column":7}},"17":{"start":{"line":40,"column":8},"end":{"line":42,"column":77}},"18":{"start":{"line":46,"column":6},"end":{"line":46,"column":35}},"19":{"start":{"line":47,"column":6},"end":{"line":47,"column":19}},"20":{"start":{"line":50,"column":6},"end":{"line":55,"column":7}},"21":{"start":{"line":51,"column":8},"end":{"line":53,"column":77}},"22":{"start":{"line":57,"column":6},"end":{"line":57,"column":35}},"23":{"start":{"line":58,"column":6},"end":{"line":58,"column":19}},"24":{"start":{"line":61,"column":6},"end":{"line":63,"column":39}},"25":{"start":{"line":67,"column":6},"end":{"line":69,"column":35}},"26":{"start":{"line":73,"column":6},"end":{"line":73,"column":19}}},"fnMap":{"0":{"name":"(anonymous_0)","decl":{"start":{"line":2,"column":71},"end":{"line":2,"column":72}},"loc":{"start":{"line":2,"column":89},"end":{"line":2,"column":285}},"line":2},"1":{"name":"filterReducer","decl":{"start":{"line":16,"column":122},"end":{"line":16,"column":135}},"loc":{"start":{"line":19,"column":0},"end":{"line":75,"column":1}},"line":19}},"branchMap":{"0":{"loc":{"start":{"line":2,"column":54},"end":{"line":2,"column":285}},"type":"binary-expr","locations":[{"start":{"line":2,"column":54},"end":{"line":2,"column":67}},{"start":{"line":2,"column":71},"end":{"line":2,"column":285}}],"line":2},"1":{"loc":{"start":{"line":2,"column":185},"end":{"line":2,"column":268}},"type":"if","locations":[{"start":{"line":2,"column":185},"end":{"line":2,"column":268}},{"start":{"line":2,"column":185},"end":{"line":2,"column":268}}],"line":2},"2":{"loc":{"start":{"line":17,"column":0},"end":{"line":17,"column":20}},"type":"default-arg","locations":[{"start":{"line":17,"column":8},"end":{"line":17,"column":20}}],"line":17},"3":{"loc":{"start":{"line":20,"column":2},"end":{"line":73,"column":20}},"type":"switch","locations":[{"start":{"line":21,"column":4},"end":{"line":24,"column":33}},{"start":{"line":27,"column":4},"end":{"line":36,"column":19}},{"start":{"line":38,"column":4},"end":{"line":47,"column":19}},{"start":{"line":49,"column":4},"end":{"line":58,"column":19}},{"start":{"line":60,"column":4},"end":{"line":63,"column":39}},{"start":{"line":66,"column":4},"end":{"line":69,"column":35}},{"start":{"line":72,"column":4},"end":{"line":73,"column":19}}],"line":20},"4":{"loc":{"start":{"line":28,"column":6},"end":{"line":33,"column":7}},"type":"if","locations":[{"start":{"line":28,"column":6},"end":{"line":33,"column":7}},{"start":{"line":28,"column":6},"end":{"line":33,"column":7}}],"line":28},"5":{"loc":{"start":{"line":39,"column":6},"end":{"line":44,"column":7}},"type":"if","locations":[{"start":{"line":39,"column":6},"end":{"line":44,"column":7}},{"start":{"line":39,"column":6},"end":{"line":44,"column":7}}],"line":39},"6":{"loc":{"start":{"line":50,"column":6},"end":{"line":55,"column":7}},"type":"if","locations":[{"start":{"line":50,"column":6},"end":{"line":55,"column":7}},{"start":{"line":50,"column":6},"end":{"line":55,"column":7}}],"line":50}},"s":{"0":0,"1":0,"2":0,"3":0,"4":0,"5":0,"6":0,"7":0,"8":0,"9":0,"10":0,"11":0,"12":0,"13":0,"14":0,"15":0,"16":0,"17":0,"18":0,"19":0,"20":0,"21":0,"22":0,"23":0,"24":0,"25":0,"26":0},"f":{"0":0,"1":0},"b":{"0":[0,0],"1":[0,0],"2":[0],"3":[0,0,0,0,0,0,0],"4":[0,0],"5":[0,0],"6":[0,0]}}
,"/home/aleksandr/Documents/Projects/classical-front/src/search/reducers/gigReducer.js": {"path":"/home/aleksandr/Documents/Projects/classical-front/src/search/reducers/gigReducer.js","statementMap":{"0":{"start":{"line":5,"column":0},"end":{"line":5,"column":26}},"1":{"start":{"line":5,"column":41},"end":{"line":5,"column":272}},"2":{"start":{"line":5,"column":77},"end":{"line":5,"column":257}},"3":{"start":{"line":5,"column":134},"end":{"line":5,"column":146}},"4":{"start":{"line":5,"column":147},"end":{"line":5,"column":256}},"5":{"start":{"line":5,"column":172},"end":{"line":5,"column":255}},"6":{"start":{"line":5,"column":228},"end":{"line":5,"column":254}},"7":{"start":{"line":5,"column":257},"end":{"line":5,"column":271}},"8":{"start":{"line":5,"column":273},"end":{"line":14,"column":11}},"9":{"start":{"line":14,"column":32},"end":{"line":14,"column":57}},"10":{"start":{"line":18,"column":2},"end":{"line":26,"column":20}},"11":{"start":{"line":20,"column":6},"end":{"line":22,"column":28}},"12":{"start":{"line":26,"column":6},"end":{"line":26,"column":19}}},"fnMap":{"0":{"name":"(anonymous_0)","decl":{"start":{"line":5,"column":58},"end":{"line":5,"column":59}},"loc":{"start":{"line":5,"column":76},"end":{"line":5,"column":272}},"line":5},"1":{"name":"gigReducer","decl":{"start":{"line":14,"column":67},"end":{"line":14,"column":77}},"loc":{"start":{"line":17,"column":0},"end":{"line":28,"column":1}},"line":17}},"branchMap":{"0":{"loc":{"start":{"line":5,"column":41},"end":{"line":5,"column":272}},"type":"binary-expr","locations":[{"start":{"line":5,"column":41},"end":{"line":5,"column":54}},{"start":{"line":5,"column":58},"end":{"line":5,"column":272}}],"line":5},"1":{"loc":{"start":{"line":5,"column":172},"end":{"line":5,"column":255}},"type":"if","locations":[{"start":{"line":5,"column":172},"end":{"line":5,"column":255}},{"start":{"line":5,"column":172},"end":{"line":5,"column":255}}],"line":5},"2":{"loc":{"start":{"line":15,"column":0},"end":{"line":15,"column":20}},"type":"default-arg","locations":[{"start":{"line":15,"column":8},"end":{"line":15,"column":20}}],"line":15},"3":{"loc":{"start":{"line":18,"column":2},"end":{"line":26,"column":20}},"type":"switch","locations":[{"start":{"line":19,"column":4},"end":{"line":22,"column":28}},{"start":{"line":25,"column":4},"end":{"line":26,"column":19}}],"line":18}},"s":{"0":0,"1":0,"2":0,"3":0,"4":0,"5":0,"6":0,"7":0,"8":0,"9":0,"10":0,"11":0,"12":0},"f":{"0":0,"1":0},"b":{"0":[0,0],"1":[0,0],"2":[0],"3":[0,0]}}
,"/home/aleksandr/Documents/Projects/classical-front/src/search/reducers/index.js": {"path":"/home/aleksandr/Documents/Projects/classical-front/src/search/reducers/index.js","statementMap":{"0":{"start":{"line":2,"column":13},"end":{"line":2,"column":39}},"1":{"start":{"line":4,"column":13},"end":{"line":4,"column":29}},"2":{"start":{"line":6,"column":18},"end":{"line":6,"column":41}},"3":{"start":{"line":6,"column":61},"end":{"line":6,"column":96}},"4":{"start":{"line":7,"column":21},"end":{"line":7,"column":47}},"5":{"start":{"line":7,"column":70},"end":{"line":7,"column":108}},"6":{"start":{"line":7,"column":147},"end":{"line":7,"column":201}},"7":{"start":{"line":7,"column":202},"end":{"line":11,"column":37}}},"fnMap":{"0":{"name":"_interopRequireDefault","decl":{"start":{"line":7,"column":118},"end":{"line":7,"column":140}},"loc":{"start":{"line":7,"column":146},"end":{"line":7,"column":202}},"line":7}},"branchMap":{"0":{"loc":{"start":{"line":7,"column":154},"end":{"line":7,"column":200}},"type":"cond-expr","locations":[{"start":{"line":7,"column":178},"end":{"line":7,"column":181}},{"start":{"line":7,"column":184},"end":{"line":7,"column":200}}],"line":7},"1":{"loc":{"start":{"line":7,"column":154},"end":{"line":7,"column":175}},"type":"binary-expr","locations":[{"start":{"line":7,"column":154},"end":{"line":7,"column":157}},{"start":{"line":7,"column":161},"end":{"line":7,"column":175}}],"line":7}},"s":{"0":0,"1":0,"2":0,"3":0,"4":0,"5":0,"6":0,"7":0},"f":{"0":0},"b":{"0":[0,0],"1":[0,0]}}
,"/home/aleksandr/Documents/Projects/classical-front/src/search/sagas/index.js": {"path":"/home/aleksandr/Documents/Projects/classical-front/src/search/sagas/index.js","statementMap":{"0":{"start":{"line":2,"column":13},"end":{"line":2,"column":39}},"1":{"start":{"line":2,"column":39},"end":{"line":2,"column":76}},"2":{"start":{"line":4,"column":24},"end":{"line":4,"column":53}},"3":{"start":{"line":4,"column":79},"end":{"line":4,"column":120}},"4":{"start":{"line":4,"column":159},"end":{"line":4,"column":213}},"5":{"start":{"line":4,"column":214},"end":{"line":7,"column":46}}},"fnMap":{"0":{"name":"_interopRequireDefault","decl":{"start":{"line":4,"column":130},"end":{"line":4,"column":152}},"loc":{"start":{"line":4,"column":158},"end":{"line":4,"column":214}},"line":4}},"branchMap":{"0":{"loc":{"start":{"line":4,"column":166},"end":{"line":4,"column":212}},"type":"cond-expr","locations":[{"start":{"line":4,"column":190},"end":{"line":4,"column":193}},{"start":{"line":4,"column":196},"end":{"line":4,"column":212}}],"line":4},"1":{"loc":{"start":{"line":4,"column":166},"end":{"line":4,"column":187}},"type":"binary-expr","locations":[{"start":{"line":4,"column":166},"end":{"line":4,"column":169}},{"start":{"line":4,"column":173},"end":{"line":4,"column":187}}],"line":4}},"s":{"0":0,"1":0,"2":0,"3":0,"4":0,"5":0},"f":{"0":0},"b":{"0":[0,0],"1":[0,0]}}
,"/home/aleksandr/Documents/Projects/classical-front/src/search/sagas/searchClientSaga.js": {"path":"/home/aleksandr/Documents/Projects/classical-front/src/search/sagas/searchClientSaga.js","statementMap":{"0":{"start":{"line":3,"column":13},"end":{"line":3,"column":39}},"1":{"start":{"line":5,"column":15},"end":{"line":5,"column":44}},"2":{"start":{"line":7,"column":14},"end":{"line":7,"column":42}},"3":{"start":{"line":7,"column":56},"end":{"line":7,"column":88}},"4":{"start":{"line":7,"column":128},"end":{"line":7,"column":344}},"5":{"start":{"line":7,"column":156},"end":{"line":7,"column":167}},"6":{"start":{"line":7,"column":188},"end":{"line":7,"column":190}},"7":{"start":{"line":7,"column":191},"end":{"line":7,"column":308}},"8":{"start":{"line":7,"column":209},"end":{"line":7,"column":307}},"9":{"start":{"line":7,"column":231},"end":{"line":7,"column":306}},"10":{"start":{"line":7,"column":283},"end":{"line":7,"column":306}},"11":{"start":{"line":7,"column":308},"end":{"line":7,"column":329}},"12":{"start":{"line":7,"column":329},"end":{"line":7,"column":343}},"13":{"start":{"line":12,"column":2},"end":{"line":17,"column":3}},"14":{"start":{"line":13,"column":17},"end":{"line":13,"column":74}},"15":{"start":{"line":14,"column":4},"end":{"line":14,"column":78}},"16":{"start":{"line":16,"column":4},"end":{"line":16,"column":66}},"17":{"start":{"line":21,"column":2},"end":{"line":21,"column":71}},"18":{"start":{"line":22,"column":1},"end":{"line":24,"column":17}}},"fnMap":{"0":{"name":"_interopRequireWildcard","decl":{"start":{"line":7,"column":98},"end":{"line":7,"column":121}},"loc":{"start":{"line":7,"column":127},"end":{"line":7,"column":345}},"line":7},"1":{"name":"fetchGigs","decl":{"start":{"line":11,"column":10},"end":{"line":11,"column":19}},"loc":{"start":{"line":11,"column":28},"end":{"line":18,"column":1}},"line":11},"2":{"name":"searchClientSaga","decl":{"start":{"line":20,"column":10},"end":{"line":20,"column":26}},"loc":{"start":{"line":20,"column":29},"end":{"line":22,"column":1}},"line":20}},"branchMap":{"0":{"loc":{"start":{"line":7,"column":128},"end":{"line":7,"column":344}},"type":"if","locations":[{"start":{"line":7,"column":128},"end":{"line":7,"column":344}},{"start":{"line":7,"column":128},"end":{"line":7,"column":344}}],"line":7},"1":{"loc":{"start":{"line":7,"column":132},"end":{"line":7,"column":153}},"type":"binary-expr","locations":[{"start":{"line":7,"column":132},"end":{"line":7,"column":135}},{"start":{"line":7,"column":139},"end":{"line":7,"column":153}}],"line":7},"2":{"loc":{"start":{"line":7,"column":191},"end":{"line":7,"column":308}},"type":"if","locations":[{"start":{"line":7,"column":191},"end":{"line":7,"column":308}},{"start":{"line":7,"column":191},"end":{"line":7,"column":308}}],"line":7},"3":{"loc":{"start":{"line":7,"column":231},"end":{"line":7,"column":306}},"type":"if","locations":[{"start":{"line":7,"column":231},"end":{"line":7,"column":306}},{"start":{"line":7,"column":231},"end":{"line":7,"column":306}}],"line":7}},"s":{"0":0,"1":0,"2":0,"3":0,"4":0,"5":0,"6":0,"7":0,"8":0,"9":0,"10":0,"11":0,"12":0,"13":0,"14":0,"15":0,"16":0,"17":0,"18":0},"f":{"0":0,"1":0,"2":0},"b":{"0":[0,0],"1":[0,0],"2":[0,0],"3":[0,0]}}
}
