TN:
SF:/home/aleksandr/Documents/Projects/classical-front/src/app.js
FN:7,(anonymous_0)
FNF:1
FNH:1
FNDA:1,(anonymous_0)
DA:8,1
LF:1
LH:1
BRF:0
BRH:0
end_of_record
TN:
SF:/home/aleksandr/Documents/Projects/classical-front/src/environment.js
FNF:0
FNH:0
DA:2,0
LF:1
LH:0
BRF:0
BRH:0
end_of_record
TN:
SF:/home/aleksandr/Documents/Projects/classical-front/src/main.js
FN:12,_interopRequireWildcard
FN:12,_interopRequireDefault
FN:13,configure
FN:32,(anonymous_3)
FNF:4
FNH:0
FNDA:0,_interopRequireWildcard
FNDA:0,_interopRequireDefault
FNDA:0,configure
FNDA:0,(anonymous_3)
DA:2,0
DA:12,0
DA:13,0
DA:24,0
DA:25,0
DA:28,0
DA:29,0
DA:32,0
LF:8
LH:0
BRDA:12,0,0,0
BRDA:12,0,1,0
BRDA:12,1,0,0
BRDA:12,1,1,0
BRDA:12,2,0,0
BRDA:12,2,1,0
BRDA:12,3,0,0
BRDA:12,3,1,0
BRDA:12,4,0,0
BRDA:12,4,1,0
BRDA:12,5,0,0
BRDA:12,5,1,0
BRDA:24,6,0,0
BRDA:24,6,1,0
BRDA:28,7,0,0
BRDA:28,7,1,0
BRF:16
BRH:0
end_of_record
TN:
SF:/home/aleksandr/Documents/Projects/classical-front/src/resources/index.js
FN:4,configure
FNF:1
FNH:0
FNDA:0,configure
DA:2,0
LF:1
LH:0
BRF:0
BRH:0
end_of_record
