TN:
SF:/home/aleksandr/Documents/Projects/classical-front/src/actions.js
FNF:0
FNH:0
LF:0
LH:0
BRF:0
BRH:0
end_of_record
TN:
SF:/home/aleksandr/Documents/Projects/classical-front/src/app.js
FN:9,(anonymous_0)
FNF:1
FNH:0
FNDA:0,(anonymous_0)
DA:10,0
DA:11,0
DA:16,0
LF:3
LH:0
BRF:0
BRH:0
end_of_record
TN:
SF:/home/aleksandr/Documents/Projects/classical-front/src/environment.js
FNF:0
FNH:0
DA:1,0
LF:1
LH:0
BRF:0
BRH:0
end_of_record
TN:
SF:/home/aleksandr/Documents/Projects/classical-front/src/main.js
FN:12,_interopRequireWildcard
FN:12,_interopRequireDefault
FN:13,configure
FN:32,(anonymous_3)
FNF:4
FNH:0
FNDA:0,_interopRequireWildcard
FNDA:0,_interopRequireDefault
FNDA:0,configure
FNDA:0,(anonymous_3)
DA:2,0
DA:12,0
DA:13,0
DA:24,0
DA:25,0
DA:28,0
DA:29,0
DA:32,0
LF:8
LH:0
BRDA:12,0,0,0
BRDA:12,0,1,0
BRDA:12,1,0,0
BRDA:12,1,1,0
BRDA:12,2,0,0
BRDA:12,2,1,0
BRDA:12,3,0,0
BRDA:12,3,1,0
BRDA:12,4,0,0
BRDA:12,4,1,0
BRDA:12,5,0,0
BRDA:12,5,1,0
BRDA:24,6,0,0
BRDA:24,6,1,0
BRDA:28,7,0,0
BRDA:28,7,1,0
BRF:16
BRH:0
end_of_record
TN:
SF:/home/aleksandr/Documents/Projects/classical-front/src/store.js
FN:8,_interopRequireDefault
FN:17,(anonymous_1)
FNF:2
FNH:0
FNDA:0,_interopRequireDefault
FNDA:0,(anonymous_1)
DA:2,0
DA:4,0
DA:5,0
DA:7,0
DA:8,0
DA:11,0
DA:13,0
DA:17,0
DA:22,0
LF:9
LH:0
BRDA:8,0,0,0
BRDA:8,0,1,0
BRDA:8,1,0,0
BRDA:8,1,1,0
BRDA:17,2,0,0
BRDA:17,2,1,0
BRF:6
BRH:0
end_of_record
TN:
SF:/home/aleksandr/Documents/Projects/classical-front/src/types.js
FNF:0
FNH:0
LF:0
LH:0
BRF:0
BRH:0
end_of_record
TN:
SF:/home/aleksandr/Documents/Projects/classical-front/src/core/actions.js
FNF:0
FNH:0
LF:0
LH:0
BRF:0
BRH:0
end_of_record
TN:
SF:/home/aleksandr/Documents/Projects/classical-front/src/core/client.js
FN:35,_interopRequireDefault
FN:35,fetchGigs
FN:35,(anonymous_2)
FN:35,(anonymous_3)
FN:35,fetchGig
FN:37,(anonymous_5)
FN:38,(anonymous_6)
FNF:7
FNH:0
FNDA:0,_interopRequireDefault
FNDA:0,fetchGigs
FNDA:0,(anonymous_2)
FNDA:0,(anonymous_3)
FNDA:0,fetchGig
FNDA:0,(anonymous_5)
FNDA:0,(anonymous_6)
DA:2,0
DA:15,0
DA:35,0
DA:36,0
DA:37,0
DA:39,0
LF:6
LH:0
BRDA:35,0,0,0
BRDA:35,0,1,0
BRDA:35,1,0,0
BRDA:35,1,1,0
BRDA:35,2,0,0
BRDA:35,3,0,0
BRDA:35,4,0,0
BRDA:35,5,0,0
BRF:8
BRH:0
end_of_record
TN:
SF:/home/aleksandr/Documents/Projects/classical-front/src/core/storeHandler.js
FN:17,_interopRequireDefault
FN:17,subscribe
FN:17,(anonymous_2)
FN:17,dispatch
FN:17,getState
FNF:5
FNH:0
FNDA:0,_interopRequireDefault
FNDA:0,subscribe
FNDA:0,(anonymous_2)
FNDA:0,dispatch
FNDA:0,getState
DA:2,0
DA:9,0
DA:13,0
DA:17,0
DA:18,0
LF:5
LH:0
BRDA:17,0,0,0
BRDA:17,0,1,0
BRDA:17,1,0,0
BRDA:17,1,1,0
BRF:4
BRH:0
end_of_record
TN:
SF:/home/aleksandr/Documents/Projects/classical-front/src/core/types.js
FNF:0
FNH:0
DA:4,0
LF:1
LH:0
BRF:0
BRH:0
end_of_record
TN:
SF:/home/aleksandr/Documents/Projects/classical-front/src/core/action-creators/coreActionCreators.js
FN:18,loadVenues
FN:18,loadGenres
FN:18,loadAuthors
FNF:3
FNH:0
FNDA:0,loadVenues
FNDA:0,loadGenres
FNDA:0,loadAuthors
DA:2,0
DA:6,0
DA:12,0
DA:18,0
DA:19,0
LF:5
LH:0
BRF:0
BRH:0
end_of_record
TN:
SF:/home/aleksandr/Documents/Projects/classical-front/src/core/action-creators/index.js
FNF:0
FNH:0
LF:0
LH:0
BRF:0
BRH:0
end_of_record
TN:
SF:/home/aleksandr/Documents/Projects/classical-front/src/core/reducers/coreReducer.js
FN:2,(anonymous_0)
FN:13,filterReducer
FNF:2
FNH:0
FNDA:0,(anonymous_0)
FNDA:0,filterReducer
DA:2,0
DA:13,0
DA:17,0
DA:19,0
DA:25,0
DA:31,0
DA:37,0
LF:7
LH:0
BRDA:2,0,0,0
BRDA:2,0,1,0
BRDA:2,1,0,0
BRDA:2,1,1,0
BRDA:14,2,0,0
BRDA:17,3,0,0
BRDA:17,3,1,0
BRDA:17,3,2,0
BRDA:17,3,3,0
BRF:9
BRH:0
end_of_record
TN:
SF:/home/aleksandr/Documents/Projects/classical-front/src/core/reducers/index.js
FN:4,_interopRequireDefault
FNF:1
FNH:0
FNDA:0,_interopRequireDefault
DA:2,0
DA:4,0
LF:2
LH:0
BRDA:4,0,0,0
BRDA:4,0,1,0
BRDA:4,1,0,0
BRDA:4,1,1,0
BRF:4
BRH:0
end_of_record
TN:
SF:/home/aleksandr/Documents/Projects/classical-front/src/core/type-methods/GigUtils.js
FN:23,toPlain
FN:23,fromPlain
FNF:2
FNH:0
FNDA:0,toPlain
FNDA:0,fromPlain
DA:2,0
DA:8,0
DA:23,0
DA:26,0
LF:4
LH:0
BRF:0
BRH:0
end_of_record
TN:
SF:/home/aleksandr/Documents/Projects/classical-front/src/core/type-methods/index.js
FN:4,_interopRequireWildcard
FNF:1
FNH:0
FNDA:0,_interopRequireWildcard
DA:2,0
DA:4,0
LF:2
LH:0
BRDA:4,0,0,0
BRDA:4,0,1,0
BRDA:4,1,0,0
BRDA:4,1,1,0
BRDA:4,2,0,0
BRDA:4,2,1,0
BRDA:4,3,0,0
BRDA:4,3,1,0
BRF:8
BRH:0
end_of_record
TN:
SF:/home/aleksandr/Documents/Projects/classical-front/src/details/details.js
FNF:0
FNH:0
DA:2,0
DA:4,0
LF:2
LH:0
BRF:0
BRH:0
end_of_record
TN:
SF:/home/aleksandr/Documents/Projects/classical-front/src/reducer/index.js
FN:7,_interopRequireDefault
FNF:1
FNH:0
FNDA:0,_interopRequireDefault
DA:2,0
DA:4,0
DA:6,0
DA:7,0
LF:4
LH:0
BRDA:7,0,0,0
BRDA:7,0,1,0
BRDA:7,1,0,0
BRDA:7,1,1,0
BRF:4
BRH:0
end_of_record
TN:
SF:/home/aleksandr/Documents/Projects/classical-front/src/resources/index.js
FN:4,configure
FNF:1
FNH:0
FNDA:0,configure
DA:2,0
LF:1
LH:0
BRF:0
BRH:0
end_of_record
TN:
SF:/home/aleksandr/Documents/Projects/classical-front/src/search/actions.js
FNF:0
FNH:0
LF:0
LH:0
BRF:0
BRH:0
end_of_record
TN:
SF:/home/aleksandr/Documents/Projects/classical-front/src/search/search.js
FN:5,_interopRequireWildcard
FN:13,(anonymous_1)
FN:19,(anonymous_2)
FN:23,(anonymous_3)
FN:28,(anonymous_4)
FNF:5
FNH:0
FNDA:0,_interopRequireWildcard
FNDA:0,(anonymous_1)
FNDA:0,(anonymous_2)
FNDA:0,(anonymous_3)
FNDA:0,(anonymous_4)
DA:2,0
DA:4,0
DA:5,0
DA:10,0
DA:14,0
DA:16,0
DA:20,0
DA:24,0
DA:25,0
DA:29,0
LF:10
LH:0
BRDA:5,0,0,0
BRDA:5,0,1,0
BRDA:5,1,0,0
BRDA:5,1,1,0
BRDA:5,2,0,0
BRDA:5,2,1,0
BRDA:5,3,0,0
BRDA:5,3,1,0
BRF:8
BRH:0
end_of_record
TN:
SF:/home/aleksandr/Documents/Projects/classical-front/src/search/types.js
FNF:0
FNH:0
LF:0
LH:0
BRF:0
BRH:0
end_of_record
TN:
SF:/home/aleksandr/Documents/Projects/classical-front/src/search/action-creators/filterActions.js
FN:41,editSearch
FN:41,toggleAuthor
FN:41,toggleVenue
FN:41,toggleGenre
FN:41,editStartDate
FN:41,editEndDate
FNF:6
FNH:0
FNDA:0,editSearch
FNDA:0,toggleAuthor
FNDA:0,toggleVenue
FNDA:0,toggleGenre
FNDA:0,editStartDate
FNDA:0,editEndDate
DA:2,0
DA:6,0
DA:13,0
DA:20,0
DA:27,0
DA:34,0
DA:41,0
DA:42,0
LF:8
LH:0
BRF:0
BRH:0
end_of_record
TN:
SF:/home/aleksandr/Documents/Projects/classical-front/src/search/action-creators/gigActions.js
FN:6,load
FNF:1
FNH:0
FNDA:0,load
DA:2,0
DA:7,0
LF:2
LH:0
BRF:0
BRH:0
end_of_record
TN:
SF:/home/aleksandr/Documents/Projects/classical-front/src/search/action-creators/index.js
FN:5,_interopRequireWildcard
FNF:1
FNH:0
FNDA:0,_interopRequireWildcard
DA:2,0
DA:4,0
DA:5,0
DA:8,0
LF:4
LH:0
BRDA:5,0,0,0
BRDA:5,0,1,0
BRDA:5,1,0,0
BRDA:5,1,1,0
BRDA:5,2,0,0
BRDA:5,2,1,0
BRDA:5,3,0,0
BRDA:5,3,1,0
BRF:8
BRH:0
end_of_record
TN:
SF:/home/aleksandr/Documents/Projects/classical-front/src/search/reducers/filterReducer.js
FN:2,(anonymous_0)
FN:16,filterReducer
FNF:2
FNH:0
FNDA:0,(anonymous_0)
FNDA:0,filterReducer
DA:2,0
DA:16,0
DA:20,0
DA:22,0
DA:28,0
DA:29,0
DA:35,0
DA:36,0
DA:39,0
DA:40,0
DA:46,0
DA:47,0
DA:50,0
DA:51,0
DA:57,0
DA:58,0
DA:61,0
DA:67,0
DA:73,0
LF:19
LH:0
BRDA:2,0,0,0
BRDA:2,0,1,0
BRDA:2,1,0,0
BRDA:2,1,1,0
BRDA:17,2,0,0
BRDA:20,3,0,0
BRDA:20,3,1,0
BRDA:20,3,2,0
BRDA:20,3,3,0
BRDA:20,3,4,0
BRDA:20,3,5,0
BRDA:20,3,6,0
BRDA:28,4,0,0
BRDA:28,4,1,0
BRDA:39,5,0,0
BRDA:39,5,1,0
BRDA:50,6,0,0
BRDA:50,6,1,0
BRF:18
BRH:0
end_of_record
TN:
SF:/home/aleksandr/Documents/Projects/classical-front/src/search/reducers/gigReducer.js
FN:5,(anonymous_0)
FN:14,gigReducer
FNF:2
FNH:0
FNDA:0,(anonymous_0)
FNDA:0,gigReducer
DA:5,0
DA:14,0
DA:18,0
DA:20,0
DA:26,0
LF:5
LH:0
BRDA:5,0,0,0
BRDA:5,0,1,0
BRDA:5,1,0,0
BRDA:5,1,1,0
BRDA:15,2,0,0
BRDA:18,3,0,0
BRDA:18,3,1,0
BRF:7
BRH:0
end_of_record
TN:
SF:/home/aleksandr/Documents/Projects/classical-front/src/search/reducers/index.js
FN:7,_interopRequireDefault
FNF:1
FNH:0
FNDA:0,_interopRequireDefault
DA:2,0
DA:4,0
DA:6,0
DA:7,0
LF:4
LH:0
BRDA:7,0,0,0
BRDA:7,0,1,0
BRDA:7,1,0,0
BRDA:7,1,1,0
BRF:4
BRH:0
end_of_record
TN:
SF:/home/aleksandr/Documents/Projects/classical-front/src/search/sagas/index.js
FN:4,_interopRequireDefault
FNF:1
FNH:0
FNDA:0,_interopRequireDefault
DA:2,0
DA:4,0
LF:2
LH:0
BRDA:4,0,0,0
BRDA:4,0,1,0
BRDA:4,1,0,0
BRDA:4,1,1,0
BRF:4
BRH:0
end_of_record
TN:
SF:/home/aleksandr/Documents/Projects/classical-front/src/search/sagas/searchClientSaga.js
FN:7,_interopRequireWildcard
FN:11,fetchGigs
FN:20,searchClientSaga
FNF:3
FNH:0
FNDA:0,_interopRequireWildcard
FNDA:0,fetchGigs
FNDA:0,searchClientSaga
DA:3,0
DA:5,0
DA:7,0
DA:12,0
DA:13,0
DA:14,0
DA:16,0
DA:21,0
DA:22,0
LF:9
LH:0
BRDA:7,0,0,0
BRDA:7,0,1,0
BRDA:7,1,0,0
BRDA:7,1,1,0
BRDA:7,2,0,0
BRDA:7,2,1,0
BRDA:7,3,0,0
BRDA:7,3,1,0
BRF:8
BRH:0
end_of_record
